<beans xmlns="http://www.springframework.org/schema/beans"
       xmlns:xsi="http://www.w3.org/2001/XMLSchema-instance"
       xmlns:context="http://www.springframework.org/schema/context"
       xmlns:jdbc="http://www.springframework.org/schema/jdbc"
       xmlns:tx="http://www.springframework.org/schema/tx"
       xsi:schemaLocation="http://www.springframework.org/schema/beans https://www.springframework.org/schema/beans/spring-beans.xsd
		http://www.springframework.org/schema/context https://www.springframework.org/schema/context/spring-context.xsd
        http://www.springframework.org/schema/jdbc http://www.springframework.org/schema/jdbc/spring-jdbc.xsd
        http://www.springframework.org/schema/tx http://www.springframework.org/schema/tx/spring-tx.xsd">

    <bean id="passenger" class="samples.entity.Passenger">
        <constructor-arg name="name" value="John Smith"/>
        <property name="country" ref="country"/>
        <property name="registered" value="false"/>
    </bean>
    <bean id="country" class="samples.entity.Country">
        <constructor-arg name="name" value="USA"/>
        <constructor-arg name="codeName" value="US"/>
    </bean>

<!--    <jdbc:embedded-database id="dataSource" type="H2">-->
<!--        <jdbc:script location="classpath:db-schema.sql"/>-->
<!--    </jdbc:embedded-database>-->

    <bean id="countryDao"
          class="samples.dao.CountryDao">
        <property name="dataSource" ref="dataSource"/>
    </bean>
    <bean id="countriesLoader"
          class="samples.dao.CountriesLoader">
        <property name="dataSource" ref="dataSource"/>
    </bean>

    <context:component-scan base-package="samples"/>

    <tx:annotation-driven transaction-manager="txManager"/>
    <bean id="dataSource" class=
            "org.springframework.jdbc.datasource.DriverManagerDataSource">
        <property name="driverClassName" value="org.h2.Driver"/>
        <property name="url" value="jdbc:h2:mem:test;DB_CLOSE_DELAY=-1"/>
        <property name="username" value="sa"/>
        <property name="password" value=""/>
    </bean>
    <bean id="entityManagerFactory" class=
            "org.springframework.orm.jpa.LocalContainerEntityManagerFactoryBean">
        <property name="persistenceUnitName" value="manning.hibernate" />
        <property name="dataSource" ref="dataSource"/>
        <property name="jpaProperties">
            <props>
                <prop key=
                              "hibernate.dialect">org.hibernate.dialect.H2Dialect</prop>
                <prop key="hibernate.show_sql">true</prop>
                <prop key="hibernate.hbm2ddl.auto">create</prop>
            </props>
        </property>
    </bean>
    <bean id="txManager" class=
            "org.springframework.orm.jpa.JpaTransactionManager">
        <property name="entityManagerFactory" ref="entityManagerFactory" />
        <property name="dataSource" ref="dataSource" />
    </bean>

    <bean class="samples.service.CountryService"/>
</beans>